<?xml version="1.0" encoding="UTF-8"?>
<testsuite name="com.paglaai.estimaai.EstimaaiApplicationTests" tests="1" skipped="0" failures="0" errors="0" timestamp="2023-06-04T14:41:02" hostname="BS-909" time="0.546">
  <properties/>
  <testcase name="contextLoads()" classname="com.paglaai.estimaai.EstimaaiApplicationTests" time="0.546"/>
  <system-out><![CDATA[20:40:56.996 [Test worker] INFO org.springframework.test.context.support.AnnotationConfigContextLoaderUtils -- Could not detect default configuration classes for test class [com.paglaai.estimaai.EstimaaiApplicationTests]: EstimaaiApplicationTests does not declare any static, non-private, non-final, nested classes annotated with @Configuration.
20:40:57.080 [Test worker] INFO org.springframework.boot.test.context.SpringBootTestContextBootstrapper -- Found @SpringBootConfiguration com.paglaai.estimaai.EstimaaiApplication for test class com.paglaai.estimaai.EstimaaiApplicationTests

  .   ____          _            __ _ _
 /\\ / ___'_ __ _ _(_)_ __  __ _ \ \ \ \
( ( )\___ | '_ | '_| | '_ \/ _` | \ \ \ \
 \\/  ___)| |_)| | | | | || (_| |  ) ) ) )
  '  |____| .__|_| |_|_| |_\__, | / / / /
 =========|_|==============|___/=/_/_/_/
 :: Spring Boot ::                (v3.1.0)

2023-06-04T20:40:57.500+06:00  INFO 12680 --- [    Test worker] c.p.estimaai.EstimaaiApplicationTests    : Starting EstimaaiApplicationTests using Java 17.0.6 with PID 12680 (started by BS909 in D:\EstimaAI\EstimaAI\estimaai)
2023-06-04T20:40:57.502+06:00  INFO 12680 --- [    Test worker] c.p.estimaai.EstimaaiApplicationTests    : No active profile set, falling back to 1 default profile: "default"
2023-06-04T20:40:58.281+06:00  INFO 12680 --- [    Test worker] .s.d.r.c.RepositoryConfigurationDelegate : Bootstrapping Spring Data JPA repositories in DEFAULT mode.
2023-06-04T20:40:58.332+06:00  INFO 12680 --- [    Test worker] .s.d.r.c.RepositoryConfigurationDelegate : Finished Spring Data repository scanning in 41 ms. Found 2 JPA repository interfaces.
2023-06-04T20:40:58.804+06:00  INFO 12680 --- [    Test worker] o.hibernate.jpa.internal.util.LogHelper  : HHH000204: Processing PersistenceUnitInfo [name: default]
2023-06-04T20:40:58.866+06:00  INFO 12680 --- [    Test worker] org.hibernate.Version                    : HHH000412: Hibernate ORM core version 6.2.2.Final
2023-06-04T20:40:58.868+06:00  INFO 12680 --- [    Test worker] org.hibernate.cfg.Environment            : HHH000406: Using bytecode reflection optimizer
2023-06-04T20:40:59.011+06:00  INFO 12680 --- [    Test worker] o.h.b.i.BytecodeProviderInitiator        : HHH000021: Bytecode provider name : bytebuddy
2023-06-04T20:40:59.137+06:00  INFO 12680 --- [    Test worker] o.s.o.j.p.SpringPersistenceUnitInfo      : No LoadTimeWeaver setup: ignoring JPA class transformer
2023-06-04T20:40:59.152+06:00  INFO 12680 --- [    Test worker] com.zaxxer.hikari.HikariDataSource       : HikariPool-1 - Starting...
2023-06-04T20:40:59.413+06:00  INFO 12680 --- [    Test worker] com.zaxxer.hikari.pool.HikariPool        : HikariPool-1 - Added connection com.mysql.cj.jdbc.ConnectionImpl@340b4f07
2023-06-04T20:40:59.415+06:00  INFO 12680 --- [    Test worker] com.zaxxer.hikari.HikariDataSource       : HikariPool-1 - Start completed.
2023-06-04T20:40:59.472+06:00  INFO 12680 --- [    Test worker] org.hibernate.orm.dialect                : HHH035001: Using dialect: org.hibernate.dialect.MySQLDialect, version: 8.0.33
2023-06-04T20:40:59.723+06:00  INFO 12680 --- [    Test worker] o.h.b.i.BytecodeProviderInitiator        : HHH000021: Bytecode provider name : bytebuddy
2023-06-04T20:41:00.330+06:00  INFO 12680 --- [    Test worker] o.h.e.t.j.p.i.JtaPlatformInitiator       : HHH000490: Using JtaPlatform implementation: [org.hibernate.engine.transaction.jta.platform.internal.NoJtaPlatform]
2023-06-04T20:41:00.403+06:00  INFO 12680 --- [    Test worker] j.LocalContainerEntityManagerFactoryBean : Initialized JPA EntityManagerFactory for persistence unit 'default'
2023-06-04T20:41:01.133+06:00  WARN 12680 --- [    Test worker] JpaBaseConfiguration$JpaWebConfiguration : spring.jpa.open-in-view is enabled by default. Therefore, database queries may be performed during view rendering. Explicitly configure spring.jpa.open-in-view to disable this warning
2023-06-04T20:41:02.379+06:00  INFO 12680 --- [    Test worker] o.s.s.web.DefaultSecurityFilterChain     : Will secure any request with [org.springframework.security.web.session.DisableEncodeUrlFilter@308498a8, org.springframework.security.web.context.request.async.WebAsyncManagerIntegrationFilter@118cbb26, org.springframework.security.web.context.SecurityContextHolderFilter@4c32aa7e, org.springframework.security.web.header.HeaderWriterFilter@7594d189, org.springframework.web.filter.CorsFilter@6cca70e3, org.springframework.security.web.authentication.logout.LogoutFilter@71eb4ea4, com.paglaai.estimaai.security.JwtTokenFilter@6cee52e2, org.springframework.security.web.savedrequest.RequestCacheAwareFilter@fd8513b, org.springframework.security.web.servletapi.SecurityContextHolderAwareRequestFilter@fe58644, org.springframework.security.web.authentication.AnonymousAuthenticationFilter@4a5a8c6f, org.springframework.security.web.session.SessionManagementFilter@4ac1544f, org.springframework.security.web.access.ExceptionTranslationFilter@5ab0168, org.springframework.security.web.access.intercept.AuthorizationFilter@6dc98c02]
2023-06-04T20:41:02.623+06:00  WARN 12680 --- [    Test worker] ion$DefaultTemplateResolverConfiguration : Cannot find template location: classpath:/templates/ (please add some templates, check your Thymeleaf configuration, or set spring.thymeleaf.check-template-location=false)
2023-06-04T20:41:02.786+06:00  INFO 12680 --- [    Test worker] c.p.estimaai.EstimaaiApplicationTests    : Started EstimaaiApplicationTests in 5.559 seconds (process running for 6.693)
]]></system-out>
  <system-err><![CDATA[]]></system-err>
</testsuite>
